<?xml version="1.0" encoding="UTF-8"?>
<testsuite xmlns:xsi="http://www.w3.org/2001/XMLSchema-instance" xsi:noNamespaceSchemaLocation="https://maven.apache.org/surefire/maven-surefire-plugin/xsd/surefire-test-report-3.0.xsd" version="3.0" name="com.chat.socket.MsChatSocketApplicationTests" time="2.866" tests="1" errors="0" skipped="0" failures="0">
  <properties>
[...]
</properties>
  <testcase name="contextLoads" classname="com.chat.socket.MsChatSocketApplicationTests" time="0.829">
    <system-out><![CDATA[23:20:19.851 [main] INFO org.springframework.test.context.support.AnnotationConfigContextLoaderUtils -- Could not detect default configuration classes for test class [com.chat.socket.MsChatSocketApplicationTests]: MsChatSocketApplicationTests does not declare any static, non-private, non-final, nested classes annotated with @Configuration.
23:20:19.979 [main] INFO org.springframework.boot.test.context.SpringBootTestContextBootstrapper -- Found @SpringBootConfiguration com.chat.socket.MsChatSocketApplication for test class com.chat.socket.MsChatSocketApplicationTests
23:20:20.144 [main] INFO org.springframework.boot.devtools.restart.RestartApplicationListener -- Restart disabled due to context in which it is running

  .   ____          _            __ _ _
 /\\ / ___'_ __ _ _(_)_ __  __ _ \ \ \ \
( ( )\___ | '_ | '_| | '_ \/ _` | \ \ \ \
 \\/  ___)| |_)| | | | | || (_| |  ) ) ) )
  '  |____| .__|_| |_|_| |_\__, | / / / /
 =========|_|==============|___/=/_/_/_/
 :: Spring Boot ::                (v3.1.5)

2023-12-13T23:20:20.425-05:00  INFO 16476 --- [           main] c.c.socket.MsChatSocketApplicationTests  : Starting MsChatSocketApplicationTests using Java 21.0.1 with PID 16476 (started by Saeteros in C:\Users\Saeteros\Desktop\Séptimo Semestre\PROYECTO CHAT FINAL\Proyecto-SpreenBoot-Angular\backend-spreenboot)
2023-12-13T23:20:20.427-05:00  INFO 16476 --- [           main] c.c.socket.MsChatSocketApplicationTests  : No active profile set, falling back to 1 default profile: "default"
2023-12-13T23:20:21.672-05:00  INFO 16476 --- [           main] o.s.m.s.b.SimpleBrokerMessageHandler     : Starting...
2023-12-13T23:20:21.674-05:00  INFO 16476 --- [           main] o.s.m.s.b.SimpleBrokerMessageHandler     : BrokerAvailabilityEvent[available=true, SimpleBrokerMessageHandler [org.springframework.messaging.simp.broker.DefaultSubscriptionRegistry@66de00f2]]
2023-12-13T23:20:21.675-05:00  INFO 16476 --- [           main] o.s.m.s.b.SimpleBrokerMessageHandler     : Started.
2023-12-13T23:20:21.683-05:00  INFO 16476 --- [           main] c.c.socket.MsChatSocketApplicationTests  : Started MsChatSocketApplicationTests in 1.553 seconds (process running for 2.525)
]]></system-out>
    <system-err><![CDATA[WARNING: A Java agent has been loaded dynamically (C:\Users\Saeteros\.m2\repository\net\bytebuddy\byte-buddy-agent\1.14.9\byte-buddy-agent-1.14.9.jar)
WARNING: If a serviceability tool is in use, please run with -XX:+EnableDynamicAgentLoading to hide this warning
WARNING: If a serviceability tool is not in use, please run with -Djdk.instrument.traceUsage for more information
WARNING: Dynamic loading of agents will be disallowed by default in a future release
]]></system-err>
  </testcase>
</testsuite>